{"content": {"suites": {"0": {"status": {"total_pass": 7, "total_skip": 0, "total_xpass": 0, "total_xfail": 0, "total_rerun": 0, "total_fail": 4, "total_error": 0}, "tests": {"0": {"status": "PASS", "message": "", "test_name": "test_base[404477902-1qazxsw2.23]", "rerun": "0"}, "1": {"status": "PASS", "message": "", "test_name": "test_EP2_CUR01525[404477902-1qazxsw2.23]", "rerun": "0"}, "2": {"status": "PASS", "message": "", "test_name": "test_EP4_CUR01525[404477902-1qazxsw2.23]", "rerun": "0"}, "3": {"status": "PASS", "message": "", "test_name": "test_EP5_CUR01525[404477902-1qazxsw2.23]", "rerun": "0"}, "4": {"status": "PASS", "message": "", "test_name": "test_EP8_CUR01525[404477902-1qazxsw2.23]", "rerun": "0"}, "5": {"status": "FAIL", "message": "   selenium.common.exceptions.TimeoutException: Message:\n       Exception: No hay elemenetos: ('css selector', 'div a.fc-event'), despu\u00e9s de 30\n", "test_name": "test_EP16_CUR01525[404477902-1qazxsw2.23]", "rerun": "0"}, "6": {"status": "PASS", "message": "", "test_name": "test_EP21_CUR01525[404477902-1qazxsw2.23]", "rerun": "0"}, "7": {"status": "PASS", "message": "", "test_name": "test_EP25_CUR01525[404477902-1qazxsw2.23]", "rerun": "0"}, "8": {"status": "FAIL", "message": "   selenium.common.exceptions.TimeoutException: Message: \n   Stacktrace:\n   Backtrace:\n   \tGetHandleVerifier [0x00E8A813+48355]\n   \t(No symbol) [0x00E1C4B1]\n   \t(No symbol) [0x00D25358]\n   \t(No symbol) [0x00D509A5]\n   \t(No symbol) [0x00D50B3B]\n   \t(No symbol) [0x00D7E232]\n   \t(No symbol) [0x00D6A784]\n   \t(No symbol) [0x00D7C922]\n   \t(No symbol) [0x00D6A536]\n   \t(No symbol) [0x00D482DC]\n   \t(No symbol) [0x00D493DD]\n   \tGetHandleVerifier [0x010EAABD+2539405]\n   \tGetHandleVerifier [0x0112A78F+2800735]\n   \tGetHandleVerifier [0x0112456C+2775612]\n   \tGetHandleVerifier [0x00F151E0+616112]\n   \t(No symbol) [0x00E25F8C]\n   \t(No symbol) [0x00E22328]\n   \t(No symbol) [0x00E2240B]\n   \t(No symbol) [0x00E14FF7]\n   \tBaseThreadInitThunk [0x757900C9+25]\n   \tRtlGetAppContainerNamedObjectPath [0x772E7B1E+286]\n   \tRtlGetAppContainerNamedObjectPath [0x772E7AEE+238]\n       Exception: El elemento: ('xpath', '//body[1]/div[3]/div[1]/div[6]/button[1]'), no es clickeable despu\u00e9s de 30\n", "test_name": "test_EP26_CUR01525[404477902-1qazxsw2.23]", "rerun": "0"}, "9": {"status": "FAIL", "message": "   selenium.common.exceptions.TimeoutException: Message: \n   Stacktrace:\n   Backtrace:\n   \tGetHandleVerifier [0x00E8A813+48355]\n   \t(No symbol) [0x00E1C4B1]\n   \t(No symbol) [0x00D25358]\n   \t(No symbol) [0x00D509A5]\n   \t(No symbol) [0x00D50B3B]\n   \t(No symbol) [0x00D7E232]\n   \t(No symbol) [0x00D6A784]\n   \t(No symbol) [0x00D7C922]\n   \t(No symbol) [0x00D6A536]\n   \t(No symbol) [0x00D482DC]\n   \t(No symbol) [0x00D493DD]\n   \tGetHandleVerifier [0x010EAABD+2539405]\n   \tGetHandleVerifier [0x0112A78F+2800735]\n   \tGetHandleVerifier [0x0112456C+2775612]\n   \tGetHandleVerifier [0x00F151E0+616112]\n   \t(No symbol) [0x00E25F8C]\n   \t(No symbol) [0x00E22328]\n   \t(No symbol) [0x00E2240B]\n   \t(No symbol) [0x00E14FF7]\n   \tBaseThreadInitThunk [0x757900C9+25]\n   \tRtlGetAppContainerNamedObjectPath [0x772E7B1E+286]\n   \tRtlGetAppContainerNamedObjectPath [0x772E7AEE+238]\n       Exception: El elemento: ('xpath', '//body[1]/div[3]/div[1]/div[6]/button[1]'), no es clickeable despu\u00e9s de 30\n", "test_name": "test_EP27_CUR01525[404477902-1qazxsw2.23]", "rerun": "0"}, "10": {"status": "FAIL", "message": "   selenium.common.exceptions.TimeoutException: Message: \n   Stacktrace:\n   Backtrace:\n   \tGetHandleVerifier [0x00E8A813+48355]\n   \t(No symbol) [0x00E1C4B1]\n   \t(No symbol) [0x00D25358]\n   \t(No symbol) [0x00D509A5]\n   \t(No symbol) [0x00D50B3B]\n   \t(No symbol) [0x00D7E232]\n   \t(No symbol) [0x00D6A784]\n   \t(No symbol) [0x00D7C922]\n   \t(No symbol) [0x00D6A536]\n   \t(No symbol) [0x00D482DC]\n   \t(No symbol) [0x00D493DD]\n   \tGetHandleVerifier [0x010EAABD+2539405]\n   \tGetHandleVerifier [0x0112A78F+2800735]\n   \tGetHandleVerifier [0x0112456C+2775612]\n   \tGetHandleVerifier [0x00F151E0+616112]\n   \t(No symbol) [0x00E25F8C]\n   \t(No symbol) [0x00E22328]\n   \t(No symbol) [0x00E2240B]\n   \t(No symbol) [0x00E14FF7]\n   \tBaseThreadInitThunk [0x757900C9+25]\n   \tRtlGetAppContainerNamedObjectPath [0x772E7B1E+286]\n   \tRtlGetAppContainerNamedObjectPath [0x772E7AEE+238]\n       Exception: El elemento: ('xpath', '//body[1]/div[3]/div[1]/div[6]/button[1]'), no es clickeable despu\u00e9s de 30\n", "test_name": "test_EP32_CUR01525[404477902-1qazxsw2.23]", "rerun": "0"}}, "suite_name": "tests/test_scheduling.py"}}}, "date": "July 17, 2023", "start_time": 1689606606.5748363, "total_suite": 1, "status": "FAIL", "status_list": {"pass": "7", "fail": "4", "skip": "0", "error": "0", "xpass": "0", "xfail": "0", "rerun": "0"}, "total_tests": "11"}