{"content": {"suites": {"0": {"status": {"total_pass": 0, "total_skip": 0, "total_xpass": 0, "total_xfail": 0, "total_rerun": 0, "total_fail": 1, "total_error": 0}, "tests": {"0": {"status": "FAIL", "message": "   selenium.common.exceptions.TimeoutException: Message: \n   Stacktrace:\n   Backtrace:\n   \tGetHandleVerifier [0x009EA813+48355]\n   \t(No symbol) [0x0097C4B1]\n   \t(No symbol) [0x00885358]\n   \t(No symbol) [0x008B09A5]\n   \t(No symbol) [0x008B0B3B]\n   \t(No symbol) [0x008DE232]\n   \t(No symbol) [0x008CA784]\n   \t(No symbol) [0x008DC922]\n   \t(No symbol) [0x008CA536]\n   \t(No symbol) [0x008A82DC]\n   \t(No symbol) [0x008A93DD]\n   \tGetHandleVerifier [0x00C4AABD+2539405]\n   \tGetHandleVerifier [0x00C8A78F+2800735]\n   \tGetHandleVerifier [0x00C8456C+2775612]\n   \tGetHandleVerifier [0x00A751E0+616112]\n   \t(No symbol) [0x00985F8C]\n   \t(No symbol) [0x00982328]\n   \t(No symbol) [0x0098240B]\n   \t(No symbol) [0x00974FF7]\n   \tBaseThreadInitThunk [0x766E00C9+25]\n   \tRtlGetAppContainerNamedObjectPath [0x77CF7B1E+286]\n   \tRtlGetAppContainerNamedObjectPath [0x77CF7AEE+238]\n       Exception: El elemento: ('xpath', \"//p[contains(text(),'Men\u00fa')]\"), no es clickeable despu\u00e9s de 30\n", "test_name": "test_EP8_CUR01525[404477902-1qazxsw2.24]", "rerun": "0"}}, "suite_name": "tests/test_scheduling.py"}}}, "date": "August 03, 2023", "start_time": 1691084668.816073, "total_suite": 1, "status": "FAIL", "status_list": {"pass": "0", "fail": "1", "skip": "0", "error": "0", "xpass": "0", "xfail": "0", "rerun": "0"}, "total_tests": "1"}