{"content": {"suites": {"0": {"status": {"total_pass": 0, "total_skip": 0, "total_xpass": 0, "total_xfail": 0, "total_rerun": 0, "total_fail": 1, "total_error": 0}, "tests": {"0": {"status": "FAIL", "message": "   selenium.common.exceptions.TimeoutException: Message: \n   Stacktrace:\n   Backtrace:\n   \tGetHandleVerifier [0x00B5A813+48355]\n   \t(No symbol) [0x00AEC4B1]\n   \t(No symbol) [0x009F5358]\n   \t(No symbol) [0x00A209A5]\n   \t(No symbol) [0x00A20B3B]\n   \t(No symbol) [0x00A4E232]\n   \t(No symbol) [0x00A3A784]\n   \t(No symbol) [0x00A4C922]\n   \t(No symbol) [0x00A3A536]\n   \t(No symbol) [0x00A182DC]\n   \t(No symbol) [0x00A193DD]\n   \tGetHandleVerifier [0x00DBAABD+2539405]\n   \tGetHandleVerifier [0x00DFA78F+2800735]\n   \tGetHandleVerifier [0x00DF456C+2775612]\n   \tGetHandleVerifier [0x00BE51E0+616112]\n   \t(No symbol) [0x00AF5F8C]\n   \t(No symbol) [0x00AF2328]\n   \t(No symbol) [0x00AF240B]\n   \t(No symbol) [0x00AE4FF7]\n   \tBaseThreadInitThunk [0x76E200C9+25]\n   \tRtlGetAppContainerNamedObjectPath [0x76F77B1E+286]\n   \tRtlGetAppContainerNamedObjectPath [0x76F77AEE+238]\n       Exception: El elemento: ('xpath', '//body[1]/div[3]/div[1]/div[6]/button[1]'), no es clickeable despu\u00e9s de 30\n", "test_name": "test_EP32_CUR01525[404477902-1qazxsw2.24]", "rerun": "0"}}, "suite_name": "tests/test_scheduling.py"}}}, "date": "August 02, 2023", "start_time": 1690996466.2889264, "total_suite": 1, "status": "FAIL", "status_list": {"pass": "0", "fail": "1", "skip": "0", "error": "0", "xpass": "0", "xfail": "0", "rerun": "0"}, "total_tests": "1"}