{"content": {"suites": {"0": {"status": {"total_pass": 0, "total_skip": 0, "total_xpass": 0, "total_xfail": 0, "total_rerun": 0, "total_fail": 7, "total_error": 0}, "tests": {"0": {"status": "FAIL", "message": "   selenium.common.exceptions.ElementClickInterceptedException: Message: element click intercepted: Element <p _ngcontent-usv-c221=\"\" class=\"mat-body-2 m-3 color-primary\">...</p> is not clickable at point (1002, 476). Other element would receive the click: <mat-card _ngcontent-usv-c197=\"\" class=\"mat-card mat-focus-indicator mat-elevation-z0 ng-tns-c176-0 ng-star-inserted\" style=\"\">...</mat-card>\n     (Session info: chrome=114.0.5735.134)\n   Stacktrace:\n   Backtrace:\n   \tGetHandleVerifier [0x0055A813+48355]\n   \t(No symbol) [0x004EC4B1]\n   \t(No symbol) [0x003F5358]\n   \t(No symbol) [0x00425062]\n   \t(No symbol) [0x00423B98]\n   \t(No symbol) [0x0042239B]\n   \t(No symbol) [0x0042179E]\n   \t(No symbol) [0x00419F5C]\n   \t(No symbol) [0x0043A73C]\n   \t(No symbol) [0x00419A36]\n   \t(No symbol) [0x0043AA94]\n   \t(No symbol) [0x0044C922]\n   \t(No symbol) [0x0043A536]\n   \t(No symbol) [0x004182DC]\n   \t(No symbol) [0x004193DD]\n   \tGetHandleVerifier [0x007BAABD+2539405]\n   \tGetHandleVerifier [0x007FA78F+2800735]\n   \tGetHandleVerifier [0x007F456C+2775612]\n   \tGetHandleVerifier [0x005E51E0+616112]\n   \t(No symbol) [0x004F5F8C]\n   \t(No symbol) [0x004F2328]\n   \t(No symbol) [0x004F240B]\n   \t(No symbol) [0x004E4FF7]\n   \tBaseThreadInitThunk [0x753C00C9+25]\n   \tRtlGetAppContainerNamedObjectPath [0x774E7B4E+286]\n   \tRtlGetAppContainerNamedObjectPath [0x774E7B1E+238]\n", "test_name": "test_fill_textboxes_for_a_new_room_creation", "rerun": "0"}, "1": {"status": "FAIL", "message": "       AttributeError: 'bool' object has no attribute 'click'\n", "test_name": "test_validate_fields", "rerun": "0"}, "2": {"status": "FAIL", "message": "       AttributeError: 'bool' object has no attribute 'click'\n", "test_name": "test_fill_textboxes_and_validate_them", "rerun": "0"}, "3": {"status": "FAIL", "message": "       AttributeError: 'bool' object has no attribute 'click'\n", "test_name": "test_click_first_edit_button", "rerun": "0"}, "4": {"status": "FAIL", "message": "       AttributeError: 'bool' object has no attribute 'click'\n", "test_name": "test_validate_unique_name", "rerun": "0"}, "5": {"status": "FAIL", "message": "   selenium.common.exceptions.ElementClickInterceptedException: Message: element click intercepted: Element <button _ngcontent-hso-c197=\"\" id=\"exitTour\" aria-label=\"Salir del tour\" mat-icon-button=\"\" class=\"mat-focus-indicator close mat-icon-button mat-button-base\">...</button> is not clickable at point (1020, 410). Other element would receive the click: <mat-card-title _ngcontent-hso-c197=\"\" class=\"mat-card-title\">...</mat-card-title>\n     (Session info: chrome=114.0.5735.134)\n   Stacktrace:\n   Backtrace:\n   \tGetHandleVerifier [0x0055A813+48355]\n   \t(No symbol) [0x004EC4B1]\n   \t(No symbol) [0x003F5358]\n   \t(No symbol) [0x00425062]\n   \t(No symbol) [0x00423B98]\n   \t(No symbol) [0x0042239B]\n   \t(No symbol) [0x0042179E]\n   \t(No symbol) [0x00419F5C]\n   \t(No symbol) [0x0043A73C]\n   \t(No symbol) [0x00419A36]\n   \t(No symbol) [0x0043AA94]\n   \t(No symbol) [0x0044C922]\n   \t(No symbol) [0x0043A536]\n   \t(No symbol) [0x004182DC]\n   \t(No symbol) [0x004193DD]\n   \tGetHandleVerifier [0x007BAABD+2539405]\n   \tGetHandleVerifier [0x007FA78F+2800735]\n   \tGetHandleVerifier [0x007F456C+2775612]\n   \tGetHandleVerifier [0x005E51E0+616112]\n   \t(No symbol) [0x004F5F8C]\n   \t(No symbol) [0x004F2328]\n   \t(No symbol) [0x004F240B]\n   \t(No symbol) [0x004E4FF7]\n   \tBaseThreadInitThunk [0x753C00C9+25]\n   \tRtlGetAppContainerNamedObjectPath [0x774E7B4E+286]\n   \tRtlGetAppContainerNamedObjectPath [0x774E7B1E+238]\n", "test_name": "test_validate_over_quantity", "rerun": "0"}, "6": {"status": "FAIL", "message": "       AttributeError: 'bool' object has no attribute 'click'\n", "test_name": "test_validate_overwrote_schedule", "rerun": "0"}}, "suite_name": "tests/test_new_room_creation.py"}}}, "date": "June 16, 2023", "start_time": 1686929318.0865543, "total_suite": 1, "status": "FAIL", "status_list": {"pass": "0", "fail": "7", "skip": "0", "error": "0", "xpass": "0", "xfail": "0", "rerun": "0"}, "total_tests": "7"}