{"content": {"suites": {"0": {"status": {"total_pass": 7, "total_skip": 0, "total_xpass": 0, "total_xfail": 0, "total_rerun": 0, "total_fail": 4, "total_error": 0}, "tests": {"0": {"status": "PASS", "message": "", "test_name": "test_base[404477902-1qazxsw2.23]", "rerun": "0"}, "1": {"status": "PASS", "message": "", "test_name": "test_EP2_CUR01525[404477902-1qazxsw2.23]", "rerun": "0"}, "2": {"status": "PASS", "message": "", "test_name": "test_EP4_CUR01525[404477902-1qazxsw2.23]", "rerun": "0"}, "3": {"status": "PASS", "message": "", "test_name": "test_EP5_CUR01525[404477902-1qazxsw2.23]", "rerun": "0"}, "4": {"status": "PASS", "message": "", "test_name": "test_EP8_CUR01525[404477902-1qazxsw2.23]", "rerun": "0"}, "5": {"status": "FAIL", "message": "   selenium.common.exceptions.TimeoutException: Message: \n   Stacktrace:\n   Backtrace:\n   \tGetHandleVerifier [0x00D8A813+48355]\n   \t(No symbol) [0x00D1C4B1]\n   \t(No symbol) [0x00C25358]\n   \t(No symbol) [0x00C509A5]\n   \t(No symbol) [0x00C50B3B]\n   \t(No symbol) [0x00C7E232]\n   \t(No symbol) [0x00C6A784]\n   \t(No symbol) [0x00C7C922]\n   \t(No symbol) [0x00C6A536]\n   \t(No symbol) [0x00C482DC]\n   \t(No symbol) [0x00C493DD]\n   \tGetHandleVerifier [0x00FEAABD+2539405]\n   \tGetHandleVerifier [0x0102A78F+2800735]\n   \tGetHandleVerifier [0x0102456C+2775612]\n   \tGetHandleVerifier [0x00E151E0+616112]\n   \t(No symbol) [0x00D25F8C]\n   \t(No symbol) [0x00D22328]\n   \t(No symbol) [0x00D2240B]\n   \t(No symbol) [0x00D14FF7]\n   \tBaseThreadInitThunk [0x770200C9+25]\n   \tRtlGetAppContainerNamedObjectPath [0x77AC7B4E+286]\n   \tRtlGetAppContainerNamedObjectPath [0x77AC7B1E+238]\n       Exception: El elemento: ('xpath', \"//p[contains(text(),'Men\u00fa')]\"), no es clickeable despu\u00e9s de 30\n", "test_name": "test_EP16_CUR01525[404477902-1qazxsw2.23]", "rerun": "0"}, "6": {"status": "PASS", "message": "", "test_name": "test_EP21_CUR01525[404477902-1qazxsw2.23]", "rerun": "0"}, "7": {"status": "PASS", "message": "", "test_name": "test_EP25_CUR01525[404477902-1qazxsw2.23]", "rerun": "0"}, "8": {"status": "FAIL", "message": "   selenium.common.exceptions.TimeoutException: Message: \n   Stacktrace:\n   Backtrace:\n   \tGetHandleVerifier [0x00D8A813+48355]\n   \t(No symbol) [0x00D1C4B1]\n   \t(No symbol) [0x00C25358]\n   \t(No symbol) [0x00C509A5]\n   \t(No symbol) [0x00C50B3B]\n   \t(No symbol) [0x00C7E232]\n   \t(No symbol) [0x00C6A784]\n   \t(No symbol) [0x00C7C922]\n   \t(No symbol) [0x00C6A536]\n   \t(No symbol) [0x00C482DC]\n   \t(No symbol) [0x00C493DD]\n   \tGetHandleVerifier [0x00FEAABD+2539405]\n   \tGetHandleVerifier [0x0102A78F+2800735]\n   \tGetHandleVerifier [0x0102456C+2775612]\n   \tGetHandleVerifier [0x00E151E0+616112]\n   \t(No symbol) [0x00D25F8C]\n   \t(No symbol) [0x00D22328]\n   \t(No symbol) [0x00D2240B]\n   \t(No symbol) [0x00D14FF7]\n   \tBaseThreadInitThunk [0x770200C9+25]\n   \tRtlGetAppContainerNamedObjectPath [0x77AC7B4E+286]\n   \tRtlGetAppContainerNamedObjectPath [0x77AC7B1E+238]\n       Exception: El elemento: ('xpath', '//body[1]/div[3]/div[1]/div[6]/button[1]'), no es clickeable despu\u00e9s de 30\n", "test_name": "test_EP26_CUR01525[404477902-1qazxsw2.23]", "rerun": "0"}, "9": {"status": "FAIL", "message": "   selenium.common.exceptions.TimeoutException: Message: \n   Stacktrace:\n   Backtrace:\n   \tGetHandleVerifier [0x00D8A813+48355]\n   \t(No symbol) [0x00D1C4B1]\n   \t(No symbol) [0x00C25358]\n   \t(No symbol) [0x00C509A5]\n   \t(No symbol) [0x00C50B3B]\n   \t(No symbol) [0x00C7E232]\n   \t(No symbol) [0x00C6A784]\n   \t(No symbol) [0x00C7C922]\n   \t(No symbol) [0x00C6A536]\n   \t(No symbol) [0x00C482DC]\n   \t(No symbol) [0x00C493DD]\n   \tGetHandleVerifier [0x00FEAABD+2539405]\n   \tGetHandleVerifier [0x0102A78F+2800735]\n   \tGetHandleVerifier [0x0102456C+2775612]\n   \tGetHandleVerifier [0x00E151E0+616112]\n   \t(No symbol) [0x00D25F8C]\n   \t(No symbol) [0x00D22328]\n   \t(No symbol) [0x00D2240B]\n   \t(No symbol) [0x00D14FF7]\n   \tBaseThreadInitThunk [0x770200C9+25]\n   \tRtlGetAppContainerNamedObjectPath [0x77AC7B4E+286]\n   \tRtlGetAppContainerNamedObjectPath [0x77AC7B1E+238]\n       Exception: El elemento: ('xpath', '//body[1]/div[3]/div[1]/div[6]/button[1]'), no es clickeable despu\u00e9s de 30\n", "test_name": "test_EP27_CUR01525[404477902-1qazxsw2.23]", "rerun": "0"}, "10": {"status": "FAIL", "message": "   selenium.common.exceptions.TimeoutException: Message: \n   Stacktrace:\n   Backtrace:\n   \tGetHandleVerifier [0x00D8A813+48355]\n   \t(No symbol) [0x00D1C4B1]\n   \t(No symbol) [0x00C25358]\n   \t(No symbol) [0x00C509A5]\n   \t(No symbol) [0x00C50B3B]\n   \t(No symbol) [0x00C7E232]\n   \t(No symbol) [0x00C6A784]\n   \t(No symbol) [0x00C7C922]\n   \t(No symbol) [0x00C6A536]\n   \t(No symbol) [0x00C482DC]\n   \t(No symbol) [0x00C493DD]\n   \tGetHandleVerifier [0x00FEAABD+2539405]\n   \tGetHandleVerifier [0x0102A78F+2800735]\n   \tGetHandleVerifier [0x0102456C+2775612]\n   \tGetHandleVerifier [0x00E151E0+616112]\n   \t(No symbol) [0x00D25F8C]\n   \t(No symbol) [0x00D22328]\n   \t(No symbol) [0x00D2240B]\n   \t(No symbol) [0x00D14FF7]\n   \tBaseThreadInitThunk [0x770200C9+25]\n   \tRtlGetAppContainerNamedObjectPath [0x77AC7B4E+286]\n   \tRtlGetAppContainerNamedObjectPath [0x77AC7B1E+238]\n       Exception: El elemento: ('xpath', '//body[1]/div[3]/div[1]/div[6]/button[1]'), no es clickeable despu\u00e9s de 30\n", "test_name": "test_EP32_CUR01525[404477902-1qazxsw2.23]", "rerun": "0"}}, "suite_name": "tests/test_scheduling.py"}}}, "date": "July 15, 2023", "start_time": 1689437311.7662072, "total_suite": 1, "status": "FAIL", "status_list": {"pass": "7", "fail": "4", "skip": "0", "error": "0", "xpass": "0", "xfail": "0", "rerun": "0"}, "total_tests": "11"}