{"content": {"suites": {"0": {"status": {"total_pass": 0, "total_skip": 0, "total_xpass": 0, "total_xfail": 0, "total_rerun": 0, "total_fail": 1, "total_error": 0}, "tests": {"0": {"status": "FAIL", "message": "   selenium.common.exceptions.TimeoutException: Message: \n   Stacktrace:\n   Backtrace:\n   \tGetHandleVerifier [0x00A68893+48451]\n   \t(No symbol) [0x009FB8A1]\n   \t(No symbol) [0x00905058]\n   \t(No symbol) [0x00930467]\n   \t(No symbol) [0x0093069B]\n   \t(No symbol) [0x0095DD92]\n   \t(No symbol) [0x0094A304]\n   \t(No symbol) [0x0095C482]\n   \t(No symbol) [0x0094A0B6]\n   \t(No symbol) [0x00927E08]\n   \t(No symbol) [0x00928F2D]\n   \tGetHandleVerifier [0x00CC8E3A+2540266]\n   \tGetHandleVerifier [0x00D08959+2801161]\n   \tGetHandleVerifier [0x00D0295C+2776588]\n   \tGetHandleVerifier [0x00AF2280+612144]\n   \t(No symbol) [0x00A04F6C]\n   \t(No symbol) [0x00A011D8]\n   \t(No symbol) [0x00A012BB]\n   \t(No symbol) [0x009F4857]\n   \tBaseThreadInitThunk [0x753C00C9+25]\n   \tRtlGetAppContainerNamedObjectPath [0x774E7B4E+286]\n   \tRtlGetAppContainerNamedObjectPath [0x774E7B1E+238]\n       Exception: El elemento: ('xpath', \"//span[contains(text(),'Aula 1')]\"), no es clickeable despu\u00e9s de 30\n", "test_name": "test_EP5_CUR01525[404477902-1qazxsw2.]", "rerun": "0"}}, "suite_name": "tests/test_scheduling.py"}}}, "date": "May 23, 2023", "start_time": 1684829957.9229774, "total_suite": 1, "status": "FAIL", "status_list": {"pass": "0", "fail": "1", "skip": "0", "error": "0", "xpass": "0", "xfail": "0", "rerun": "0"}, "total_tests": "1"}