{"content": {"suites": {"0": {"status": {"total_pass": 5, "total_skip": 0, "total_xpass": 0, "total_xfail": 0, "total_rerun": 0, "total_fail": 2, "total_error": 0}, "tests": {"0": {"status": "PASS", "message": "", "test_name": "test_fill_textboxes_for_a_new_room_creation", "rerun": "0"}, "1": {"status": "PASS", "message": "", "test_name": "test_validate_fields", "rerun": "0"}, "2": {"status": "FAIL", "message": "   selenium.common.exceptions.TimeoutException: Message: \n   Stacktrace:\n   Backtrace:\n   \tGetHandleVerifier [0x00D8A813+48355]\n   \t(No symbol) [0x00D1C4B1]\n   \t(No symbol) [0x00C25358]\n   \t(No symbol) [0x00C509A5]\n   \t(No symbol) [0x00C50B3B]\n   \t(No symbol) [0x00C7E232]\n   \t(No symbol) [0x00C6A784]\n   \t(No symbol) [0x00C7C922]\n   \t(No symbol) [0x00C6A536]\n   \t(No symbol) [0x00C482DC]\n   \t(No symbol) [0x00C493DD]\n   \tGetHandleVerifier [0x00FEAABD+2539405]\n   \tGetHandleVerifier [0x0102A78F+2800735]\n   \tGetHandleVerifier [0x0102456C+2775612]\n   \tGetHandleVerifier [0x00E151E0+616112]\n   \t(No symbol) [0x00D25F8C]\n   \t(No symbol) [0x00D22328]\n   \t(No symbol) [0x00D2240B]\n   \t(No symbol) [0x00D14FF7]\n   \tBaseThreadInitThunk [0x770200C9+25]\n   \tRtlGetAppContainerNamedObjectPath [0x77AC7B4E+286]\n   \tRtlGetAppContainerNamedObjectPath [0x77AC7B1E+238]\n       Exception: El elemento: ('id', 'mat-error-3'), no es clickeable despu\u00e9s de 30\n", "test_name": "test_fill_textboxes_and_validate_them", "rerun": "0"}, "3": {"status": "PASS", "message": "", "test_name": "test_click_first_edit_button", "rerun": "0"}, "4": {"status": "PASS", "message": "", "test_name": "test_validate_unique_name", "rerun": "0"}, "5": {"status": "PASS", "message": "", "test_name": "test_validate_over_quantity", "rerun": "0"}, "6": {"status": "FAIL", "message": "   selenium.common.exceptions.ElementClickInterceptedException: Message: element click intercepted: Element <span class=\"mat-button-wrapper\">...</span> is not clickable at point (1758, 418). Other element would receive the click: <div style=\"padding: 0% 0% 20px 0%;\" class=\"ng-star-inserted\">...</div>\n     (Session info: chrome=114.0.5735.199)\n   Stacktrace:\n   Backtrace:\n   \tGetHandleVerifier [0x00D8A813+48355]\n   \t(No symbol) [0x00D1C4B1]\n   \t(No symbol) [0x00C25358]\n   \t(No symbol) [0x00C55062]\n   \t(No symbol) [0x00C53B98]\n   \t(No symbol) [0x00C5239B]\n   \t(No symbol) [0x00C5179E]\n   \t(No symbol) [0x00C49F5C]\n   \t(No symbol) [0x00C6A73C]\n   \t(No symbol) [0x00C49A36]\n   \t(No symbol) [0x00C6AA94]\n   \t(No symbol) [0x00C7C922]\n   \t(No symbol) [0x00C6A536]\n   \t(No symbol) [0x00C482DC]\n   \t(No symbol) [0x00C493DD]\n   \tGetHandleVerifier [0x00FEAABD+2539405]\n   \tGetHandleVerifier [0x0102A78F+2800735]\n   \tGetHandleVerifier [0x0102456C+2775612]\n   \tGetHandleVerifier [0x00E151E0+616112]\n   \t(No symbol) [0x00D25F8C]\n   \t(No symbol) [0x00D22328]\n   \t(No symbol) [0x00D2240B]\n   \t(No symbol) [0x00D14FF7]\n   \tBaseThreadInitThunk [0x770200C9+25]\n   \tRtlGetAppContainerNamedObjectPath [0x77AC7B4E+286]\n   \tRtlGetAppContainerNamedObjectPath [0x77AC7B1E+238]\n", "test_name": "test_validate_overwrote_schedule", "rerun": "0"}}, "suite_name": "tests/test_new_room_creation.py"}}}, "date": "July 15, 2023", "start_time": 1689435999.6474404, "total_suite": 1, "status": "FAIL", "status_list": {"pass": "5", "fail": "2", "skip": "0", "error": "0", "xpass": "0", "xfail": "0", "rerun": "0"}, "total_tests": "7"}