{"content": {"suites": {"0": {"status": {"total_pass": 0, "total_skip": 0, "total_xpass": 0, "total_xfail": 0, "total_rerun": 0, "total_fail": 1, "total_error": 0}, "tests": {"0": {"status": "FAIL", "message": "   selenium.common.exceptions.TimeoutException: Message: \n   Stacktrace:\n   Backtrace:\n   \tGetHandleVerifier [0x0055A813+48355]\n   \t(No symbol) [0x004EC4B1]\n   \t(No symbol) [0x003F5358]\n   \t(No symbol) [0x004209A5]\n   \t(No symbol) [0x00420B3B]\n   \t(No symbol) [0x0044E232]\n   \t(No symbol) [0x0043A784]\n   \t(No symbol) [0x0044C922]\n   \t(No symbol) [0x0043A536]\n   \t(No symbol) [0x004182DC]\n   \t(No symbol) [0x004193DD]\n   \tGetHandleVerifier [0x007BAABD+2539405]\n   \tGetHandleVerifier [0x007FA78F+2800735]\n   \tGetHandleVerifier [0x007F456C+2775612]\n   \tGetHandleVerifier [0x005E51E0+616112]\n   \t(No symbol) [0x004F5F8C]\n   \t(No symbol) [0x004F2328]\n   \t(No symbol) [0x004F240B]\n   \t(No symbol) [0x004E4FF7]\n   \tBaseThreadInitThunk [0x753C00C9+25]\n   \tRtlGetAppContainerNamedObjectPath [0x774E7B4E+286]\n   \tRtlGetAppContainerNamedObjectPath [0x774E7B1E+238]\n       Exception: El elemento: ('css selector', \"input[formcontrolname='infraccionNumero']\"), no es clickeable despu\u00e9s de 30\n", "test_name": "test_EP25_CUR01537[404477902-1qazxsw2.]", "rerun": "0"}}, "suite_name": "tests/test_consult_information_infractions.py"}}}, "date": "June 16, 2023", "start_time": 1686932739.3006203, "total_suite": 1, "status": "FAIL", "status_list": {"pass": "0", "fail": "1", "skip": "0", "error": "0", "xpass": "0", "xfail": "0", "rerun": "0"}, "total_tests": "1"}