{"content": {"suites": {"0": {"status": {"total_pass": 2, "total_skip": 0, "total_xpass": 0, "total_xfail": 0, "total_rerun": 0, "total_fail": 5, "total_error": 0}, "tests": {"0": {"status": "FAIL", "message": "   AssertionError: assert 'https://azsp...ws.net/#/home' == 'https://azsp...indows.net/#/'\n     Skipping 41 identical leading characters in diff, use -v to show\n     - dows.net/#/\n     + dows.net/#/home\n     ?            ++++\n", "test_name": "test_login", "rerun": "0"}, "1": {"status": "FAIL", "message": "", "test_name": "test_organizations_validate_parametrized_date[404477905-1qazxsw2.]", "rerun": "0"}, "2": {"status": "FAIL", "message": "   selenium.common.exceptions.TimeoutException: Message: \n   Stacktrace:\n   Backtrace:\n   \tGetHandleVerifier [0x0055A813+48355]\n   \t(No symbol) [0x004EC4B1]\n   \t(No symbol) [0x003F5358]\n   \t(No symbol) [0x004209A5]\n   \t(No symbol) [0x00420B3B]\n   \t(No symbol) [0x0044E232]\n   \t(No symbol) [0x0043A784]\n   \t(No symbol) [0x0044C922]\n   \t(No symbol) [0x0043A536]\n   \t(No symbol) [0x004182DC]\n   \t(No symbol) [0x004193DD]\n   \tGetHandleVerifier [0x007BAABD+2539405]\n   \tGetHandleVerifier [0x007FA78F+2800735]\n   \tGetHandleVerifier [0x007F456C+2775612]\n   \tGetHandleVerifier [0x005E51E0+616112]\n   \t(No symbol) [0x004F5F8C]\n   \t(No symbol) [0x004F2328]\n   \t(No symbol) [0x004F240B]\n   \t(No symbol) [0x004E4FF7]\n   \tBaseThreadInitThunk [0x753C00C9+25]\n   \tRtlGetAppContainerNamedObjectPath [0x774E7B4E+286]\n   \tRtlGetAppContainerNamedObjectPath [0x774E7B1E+238]\n       Exception: El elemento: ('id', 'exitTour'), no es clickeable despu\u00e9s de 30\n", "test_name": "test_organizations_document_cc_type[404477905-1qazxsw2.]", "rerun": "0"}, "3": {"status": "PASS", "message": "", "test_name": "test_organizations_document_nit_type_right_data[404477905-1qazxsw2.-900739999]", "rerun": "0"}, "4": {"status": "FAIL", "message": "   selenium.common.exceptions.TimeoutException: Message: \n   Stacktrace:\n   Backtrace:\n   \tGetHandleVerifier [0x0055A813+48355]\n   \t(No symbol) [0x004EC4B1]\n   \t(No symbol) [0x003F5358]\n   \t(No symbol) [0x004209A5]\n   \t(No symbol) [0x00420B3B]\n   \t(No symbol) [0x0044E232]\n   \t(No symbol) [0x0043A784]\n   \t(No symbol) [0x0044C922]\n   \t(No symbol) [0x0043A536]\n   \t(No symbol) [0x004182DC]\n   \t(No symbol) [0x004193DD]\n   \tGetHandleVerifier [0x007BAABD+2539405]\n   \tGetHandleVerifier [0x007FA78F+2800735]\n   \tGetHandleVerifier [0x007F456C+2775612]\n   \tGetHandleVerifier [0x005E51E0+616112]\n   \t(No symbol) [0x004F5F8C]\n   \t(No symbol) [0x004F2328]\n   \t(No symbol) [0x004F240B]\n   \t(No symbol) [0x004E4FF7]\n   \tBaseThreadInitThunk [0x753C00C9+25]\n   \tRtlGetAppContainerNamedObjectPath [0x774E7B4E+286]\n   \tRtlGetAppContainerNamedObjectPath [0x774E7B1E+238]\n       Exception: El elemento: ('id', 'exitTour'), no es clickeable despu\u00e9s de 30\n", "test_name": "test_organizations_click_clean_button[404477905-1qazxsw2.-900739999]", "rerun": "0"}, "5": {"status": "PASS", "message": "", "test_name": "test_organizations_wrong_document_number[404477905-1qazxsw2.-3563231]", "rerun": "0"}, "6": {"status": "FAIL", "message": "   selenium.common.exceptions.ElementClickInterceptedException: Message: element click intercepted: Element <button _ngcontent-akw-c197=\"\" id=\"exitTour\" aria-label=\"Salir del tour\" mat-icon-button=\"\" class=\"mat-focus-indicator close mat-icon-button mat-button-base\">...</button> is not clickable at point (1019, 409). Other element would receive the click: <mat-card-title _ngcontent-akw-c197=\"\" class=\"mat-card-title\">...</mat-card-title>\n     (Session info: chrome=114.0.5735.134)\n   Stacktrace:\n   Backtrace:\n   \tGetHandleVerifier [0x0055A813+48355]\n   \t(No symbol) [0x004EC4B1]\n   \t(No symbol) [0x003F5358]\n   \t(No symbol) [0x00425062]\n   \t(No symbol) [0x00423B98]\n   \t(No symbol) [0x0042239B]\n   \t(No symbol) [0x0042179E]\n   \t(No symbol) [0x00419F5C]\n   \t(No symbol) [0x0043A73C]\n   \t(No symbol) [0x00419A36]\n   \t(No symbol) [0x0043AA94]\n   \t(No symbol) [0x0044C922]\n   \t(No symbol) [0x0043A536]\n   \t(No symbol) [0x004182DC]\n   \t(No symbol) [0x004193DD]\n   \tGetHandleVerifier [0x007BAABD+2539405]\n   \tGetHandleVerifier [0x007FA78F+2800735]\n   \tGetHandleVerifier [0x007F456C+2775612]\n   \tGetHandleVerifier [0x005E51E0+616112]\n   \t(No symbol) [0x004F5F8C]\n   \t(No symbol) [0x004F2328]\n   \t(No symbol) [0x004F240B]\n   \t(No symbol) [0x004E4FF7]\n   \tBaseThreadInitThunk [0x753C00C9+25]\n   \tRtlGetAppContainerNamedObjectPath [0x774E7B4E+286]\n   \tRtlGetAppContainerNamedObjectPath [0x774E7B1E+238]\n", "test_name": "test_organizations_commercial_registration_number[404477901-1qazxsw2.]", "rerun": "0"}}, "suite_name": "tests/test_organizations.py"}}}, "date": "June 16, 2023", "start_time": 1686927731.2065797, "total_suite": 1, "status": "FAIL", "status_list": {"pass": "2", "fail": "5", "skip": "0", "error": "0", "xpass": "0", "xfail": "0", "rerun": "0"}, "total_tests": "7"}