{"content": {"suites": {"0": {"status": {"total_pass": 6, "total_skip": 0, "total_xpass": 0, "total_xfail": 0, "total_rerun": 0, "total_fail": 7, "total_error": 0}, "tests": {"0": {"status": "FAIL", "message": "", "test_name": "test_EP1_CUR01535[404477902-1qazxsw2.]", "rerun": "0"}, "1": {"status": "PASS", "message": "", "test_name": "test_EP2_CUR01535[404477902-1qazxsw2.]", "rerun": "0"}, "2": {"status": "PASS", "message": "", "test_name": "test_EP3_CUR01535[404477902-1qazxsw2.]", "rerun": "0"}, "3": {"status": "PASS", "message": "", "test_name": "test_EP6_CUR01535[404477902-1qazxsw2.]", "rerun": "0"}, "4": {"status": "PASS", "message": "", "test_name": "test_EP9_CUR01535[404477902-1qazxsw2.]", "rerun": "0"}, "5": {"status": "PASS", "message": "", "test_name": "test_EP11_CUR01535[404477902-1qazxsw2.]", "rerun": "0"}, "6": {"status": "PASS", "message": "", "test_name": "test_EP13_CUR01535[404477902-1qazxsw2.]", "rerun": "0"}, "7": {"status": "FAIL", "message": "   selenium.common.exceptions.TimeoutException: Message: \n   Stacktrace:\n   Backtrace:\n   \tGetHandleVerifier [0x0055A813+48355]\n   \t(No symbol) [0x004EC4B1]\n   \t(No symbol) [0x003F5358]\n   \t(No symbol) [0x004209A5]\n   \t(No symbol) [0x00420B3B]\n   \t(No symbol) [0x0044E232]\n   \t(No symbol) [0x0043A784]\n   \t(No symbol) [0x0044C922]\n   \t(No symbol) [0x0043A536]\n   \t(No symbol) [0x004182DC]\n   \t(No symbol) [0x004193DD]\n   \tGetHandleVerifier [0x007BAABD+2539405]\n   \tGetHandleVerifier [0x007FA78F+2800735]\n   \tGetHandleVerifier [0x007F456C+2775612]\n   \tGetHandleVerifier [0x005E51E0+616112]\n   \t(No symbol) [0x004F5F8C]\n   \t(No symbol) [0x004F2328]\n   \t(No symbol) [0x004F240B]\n   \t(No symbol) [0x004E4FF7]\n   \tBaseThreadInitThunk [0x753C00C9+25]\n   \tRtlGetAppContainerNamedObjectPath [0x774E7B4E+286]\n   \tRtlGetAppContainerNamedObjectPath [0x774E7B1E+238]\n       Exception: El elemento: ('css selector', \"input[formcontrolname='infraccionNumero']\"), no es clickeable despu\u00e9s de 30\n", "test_name": "test_EP3_CUR01537[404477902-1qazxsw2.]", "rerun": "0"}, "8": {"status": "FAIL", "message": "   selenium.common.exceptions.TimeoutException: Message: \n   Stacktrace:\n   Backtrace:\n   \tGetHandleVerifier [0x0055A813+48355]\n   \t(No symbol) [0x004EC4B1]\n   \t(No symbol) [0x003F5358]\n   \t(No symbol) [0x004209A5]\n   \t(No symbol) [0x00420B3B]\n   \t(No symbol) [0x0044E232]\n   \t(No symbol) [0x0043A784]\n   \t(No symbol) [0x0044C922]\n   \t(No symbol) [0x0043A536]\n   \t(No symbol) [0x004182DC]\n   \t(No symbol) [0x004193DD]\n   \tGetHandleVerifier [0x007BAABD+2539405]\n   \tGetHandleVerifier [0x007FA78F+2800735]\n   \tGetHandleVerifier [0x007F456C+2775612]\n   \tGetHandleVerifier [0x005E51E0+616112]\n   \t(No symbol) [0x004F5F8C]\n   \t(No symbol) [0x004F2328]\n   \t(No symbol) [0x004F240B]\n   \t(No symbol) [0x004E4FF7]\n   \tBaseThreadInitThunk [0x753C00C9+25]\n   \tRtlGetAppContainerNamedObjectPath [0x774E7B4E+286]\n   \tRtlGetAppContainerNamedObjectPath [0x774E7B1E+238]\n       Exception: El elemento: ('id', 'mat-select-2'), no es clickeable despu\u00e9s de 30\n", "test_name": "test_EP4_CUR01537[404477902-1qazxsw2.]", "rerun": "0"}, "9": {"status": "FAIL", "message": "   selenium.common.exceptions.TimeoutException: Message: \n   Stacktrace:\n   Backtrace:\n   \tGetHandleVerifier [0x0055A813+48355]\n   \t(No symbol) [0x004EC4B1]\n   \t(No symbol) [0x003F5358]\n   \t(No symbol) [0x004209A5]\n   \t(No symbol) [0x00420B3B]\n   \t(No symbol) [0x0044E232]\n   \t(No symbol) [0x0043A784]\n   \t(No symbol) [0x0044C922]\n   \t(No symbol) [0x0043A536]\n   \t(No symbol) [0x004182DC]\n   \t(No symbol) [0x004193DD]\n   \tGetHandleVerifier [0x007BAABD+2539405]\n   \tGetHandleVerifier [0x007FA78F+2800735]\n   \tGetHandleVerifier [0x007F456C+2775612]\n   \tGetHandleVerifier [0x005E51E0+616112]\n   \t(No symbol) [0x004F5F8C]\n   \t(No symbol) [0x004F2328]\n   \t(No symbol) [0x004F240B]\n   \t(No symbol) [0x004E4FF7]\n   \tBaseThreadInitThunk [0x753C00C9+25]\n   \tRtlGetAppContainerNamedObjectPath [0x774E7B4E+286]\n   \tRtlGetAppContainerNamedObjectPath [0x774E7B1E+238]\n       Exception: El elemento: ('id', 'mat-input-5'), no es clickeable despu\u00e9s de 30\n", "test_name": "test_EP5_CUR01537[404477902-1qazxsw2.]", "rerun": "0"}, "10": {"status": "FAIL", "message": "   selenium.common.exceptions.TimeoutException: Message: \n   Stacktrace:\n   Backtrace:\n   \tGetHandleVerifier [0x0055A813+48355]\n   \t(No symbol) [0x004EC4B1]\n   \t(No symbol) [0x003F5358]\n   \t(No symbol) [0x004209A5]\n   \t(No symbol) [0x00420B3B]\n   \t(No symbol) [0x0044E232]\n   \t(No symbol) [0x0043A784]\n   \t(No symbol) [0x0044C922]\n   \t(No symbol) [0x0043A536]\n   \t(No symbol) [0x004182DC]\n   \t(No symbol) [0x004193DD]\n   \tGetHandleVerifier [0x007BAABD+2539405]\n   \tGetHandleVerifier [0x007FA78F+2800735]\n   \tGetHandleVerifier [0x007F456C+2775612]\n   \tGetHandleVerifier [0x005E51E0+616112]\n   \t(No symbol) [0x004F5F8C]\n   \t(No symbol) [0x004F2328]\n   \t(No symbol) [0x004F240B]\n   \t(No symbol) [0x004E4FF7]\n   \tBaseThreadInitThunk [0x753C00C9+25]\n   \tRtlGetAppContainerNamedObjectPath [0x774E7B4E+286]\n   \tRtlGetAppContainerNamedObjectPath [0x774E7B1E+238]\n       Exception: El elemento: ('id', 'mat-select-4'), no es clickeable despu\u00e9s de 30\n", "test_name": "test_EP6_CUR01537[404477902-1qazxsw2.]", "rerun": "0"}, "11": {"status": "FAIL", "message": "   selenium.common.exceptions.TimeoutException: Message: \n   Stacktrace:\n   Backtrace:\n   \tGetHandleVerifier [0x0055A813+48355]\n   \t(No symbol) [0x004EC4B1]\n   \t(No symbol) [0x003F5358]\n   \t(No symbol) [0x004209A5]\n   \t(No symbol) [0x00420B3B]\n   \t(No symbol) [0x0044E232]\n   \t(No symbol) [0x0043A784]\n   \t(No symbol) [0x0044C922]\n   \t(No symbol) [0x0043A536]\n   \t(No symbol) [0x004182DC]\n   \t(No symbol) [0x004193DD]\n   \tGetHandleVerifier [0x007BAABD+2539405]\n   \tGetHandleVerifier [0x007FA78F+2800735]\n   \tGetHandleVerifier [0x007F456C+2775612]\n   \tGetHandleVerifier [0x005E51E0+616112]\n   \t(No symbol) [0x004F5F8C]\n   \t(No symbol) [0x004F2328]\n   \t(No symbol) [0x004F240B]\n   \t(No symbol) [0x004E4FF7]\n   \tBaseThreadInitThunk [0x753C00C9+25]\n   \tRtlGetAppContainerNamedObjectPath [0x774E7B4E+286]\n   \tRtlGetAppContainerNamedObjectPath [0x774E7B1E+238]\n       Exception: El elemento: ('css selector', \"input[formcontrolname='infraccionNumero']\"), no es clickeable despu\u00e9s de 30\n", "test_name": "test_EP12_CUR01537[404477902-1qazxsw2.]", "rerun": "0"}, "12": {"status": "FAIL", "message": "   selenium.common.exceptions.TimeoutException: Message: \n   Stacktrace:\n   Backtrace:\n   \tGetHandleVerifier [0x0055A813+48355]\n   \t(No symbol) [0x004EC4B1]\n   \t(No symbol) [0x003F5358]\n   \t(No symbol) [0x004209A5]\n   \t(No symbol) [0x00420B3B]\n   \t(No symbol) [0x0044E232]\n   \t(No symbol) [0x0043A784]\n   \t(No symbol) [0x0044C922]\n   \t(No symbol) [0x0043A536]\n   \t(No symbol) [0x004182DC]\n   \t(No symbol) [0x004193DD]\n   \tGetHandleVerifier [0x007BAABD+2539405]\n   \tGetHandleVerifier [0x007FA78F+2800735]\n   \tGetHandleVerifier [0x007F456C+2775612]\n   \tGetHandleVerifier [0x005E51E0+616112]\n   \t(No symbol) [0x004F5F8C]\n   \t(No symbol) [0x004F2328]\n   \t(No symbol) [0x004F240B]\n   \t(No symbol) [0x004E4FF7]\n   \tBaseThreadInitThunk [0x753C00C9+25]\n   \tRtlGetAppContainerNamedObjectPath [0x774E7B4E+286]\n   \tRtlGetAppContainerNamedObjectPath [0x774E7B1E+238]\n       Exception: El elemento: ('css selector', \"input[formcontrolname='infraccionNumero']\"), no es clickeable despu\u00e9s de 30\n", "test_name": "test_EP25_CUR01537[404477902-1qazxsw2.]", "rerun": "0"}}, "suite_name": "tests/test_consult_information_infractions.py"}}}, "date": "June 16, 2023", "start_time": 1686933570.2373257, "total_suite": 1, "status": "FAIL", "status_list": {"pass": "6", "fail": "7", "skip": "0", "error": "0", "xpass": "0", "xfail": "0", "rerun": "0"}, "total_tests": "13"}