{"content": {"suites": {"0": {"status": {"total_pass": 7, "total_skip": 0, "total_xpass": 0, "total_xfail": 0, "total_rerun": 0, "total_fail": 4, "total_error": 0}, "tests": {"0": {"status": "PASS", "message": "", "test_name": "test_base[404477902-1qazxsw2.]", "rerun": "0"}, "1": {"status": "PASS", "message": "", "test_name": "test_EP2_CUR01525[404477902-1qazxsw2.]", "rerun": "0"}, "2": {"status": "PASS", "message": "", "test_name": "test_EP4_CUR01525[404477902-1qazxsw2.]", "rerun": "0"}, "3": {"status": "PASS", "message": "", "test_name": "test_EP5_CUR01525[404477902-1qazxsw2.]", "rerun": "0"}, "4": {"status": "PASS", "message": "", "test_name": "test_EP8_CUR01525[404477902-1qazxsw2.]", "rerun": "0"}, "5": {"status": "FAIL", "message": "   selenium.common.exceptions.TimeoutException: Message:\n       Exception: No hay elemenetos: ('css selector', 'div a.fc-event'), despu\u00e9s de 30\n", "test_name": "test_EP16_CUR01525[404477902-1qazxsw2.]", "rerun": "0"}, "6": {"status": "PASS", "message": "", "test_name": "test_EP21_CUR01525[404477902-1qazxsw2.]", "rerun": "0"}, "7": {"status": "PASS", "message": "", "test_name": "test_EP25_CUR01525[404477902-1qazxsw2.]", "rerun": "0"}, "8": {"status": "FAIL", "message": "   selenium.common.exceptions.TimeoutException: Message: \n   Stacktrace:\n   Backtrace:\n   \tGetHandleVerifier [0x00A58893+48451]\n   \t(No symbol) [0x009EB8A1]\n   \t(No symbol) [0x008F5058]\n   \t(No symbol) [0x00920467]\n   \t(No symbol) [0x0092069B]\n   \t(No symbol) [0x0094DD92]\n   \t(No symbol) [0x0093A304]\n   \t(No symbol) [0x0094C482]\n   \t(No symbol) [0x0093A0B6]\n   \t(No symbol) [0x00917E08]\n   \t(No symbol) [0x00918F2D]\n   \tGetHandleVerifier [0x00CB8E3A+2540266]\n   \tGetHandleVerifier [0x00CF8959+2801161]\n   \tGetHandleVerifier [0x00CF295C+2776588]\n   \tGetHandleVerifier [0x00AE2280+612144]\n   \t(No symbol) [0x009F4F6C]\n   \t(No symbol) [0x009F11D8]\n   \t(No symbol) [0x009F12BB]\n   \t(No symbol) [0x009E4857]\n   \tBaseThreadInitThunk [0x753C00C9+25]\n   \tRtlGetAppContainerNamedObjectPath [0x774E7B4E+286]\n   \tRtlGetAppContainerNamedObjectPath [0x774E7B1E+238]\n       Exception: El elemento: ('xpath', '//body[1]/div[3]/div[1]/div[6]/button[1]'), no es clickeable despu\u00e9s de 30\n", "test_name": "test_EP26_CUR01525[404477902-1qazxsw2.]", "rerun": "0"}, "9": {"status": "FAIL", "message": "   selenium.common.exceptions.TimeoutException: Message: \n   Stacktrace:\n   Backtrace:\n   \tGetHandleVerifier [0x00A58893+48451]\n   \t(No symbol) [0x009EB8A1]\n   \t(No symbol) [0x008F5058]\n   \t(No symbol) [0x00920467]\n   \t(No symbol) [0x0092069B]\n   \t(No symbol) [0x0094DD92]\n   \t(No symbol) [0x0093A304]\n   \t(No symbol) [0x0094C482]\n   \t(No symbol) [0x0093A0B6]\n   \t(No symbol) [0x00917E08]\n   \t(No symbol) [0x00918F2D]\n   \tGetHandleVerifier [0x00CB8E3A+2540266]\n   \tGetHandleVerifier [0x00CF8959+2801161]\n   \tGetHandleVerifier [0x00CF295C+2776588]\n   \tGetHandleVerifier [0x00AE2280+612144]\n   \t(No symbol) [0x009F4F6C]\n   \t(No symbol) [0x009F11D8]\n   \t(No symbol) [0x009F12BB]\n   \t(No symbol) [0x009E4857]\n   \tBaseThreadInitThunk [0x753C00C9+25]\n   \tRtlGetAppContainerNamedObjectPath [0x774E7B4E+286]\n   \tRtlGetAppContainerNamedObjectPath [0x774E7B1E+238]\n       Exception: El elemento: ('xpath', '//body[1]/div[3]/div[1]/div[6]/button[1]'), no es clickeable despu\u00e9s de 30\n", "test_name": "test_EP27_CUR01525[404477902-1qazxsw2.]", "rerun": "0"}, "10": {"status": "FAIL", "message": "   selenium.common.exceptions.TimeoutException: Message: \n   Stacktrace:\n   Backtrace:\n   \tGetHandleVerifier [0x00A58893+48451]\n   \t(No symbol) [0x009EB8A1]\n   \t(No symbol) [0x008F5058]\n   \t(No symbol) [0x00920467]\n   \t(No symbol) [0x0092069B]\n   \t(No symbol) [0x0094DD92]\n   \t(No symbol) [0x0093A304]\n   \t(No symbol) [0x0094C482]\n   \t(No symbol) [0x0093A0B6]\n   \t(No symbol) [0x00917E08]\n   \t(No symbol) [0x00918F2D]\n   \tGetHandleVerifier [0x00CB8E3A+2540266]\n   \tGetHandleVerifier [0x00CF8959+2801161]\n   \tGetHandleVerifier [0x00CF295C+2776588]\n   \tGetHandleVerifier [0x00AE2280+612144]\n   \t(No symbol) [0x009F4F6C]\n   \t(No symbol) [0x009F11D8]\n   \t(No symbol) [0x009F12BB]\n   \t(No symbol) [0x009E4857]\n   \tBaseThreadInitThunk [0x753C00C9+25]\n   \tRtlGetAppContainerNamedObjectPath [0x774E7B4E+286]\n   \tRtlGetAppContainerNamedObjectPath [0x774E7B1E+238]\n       Exception: El elemento: ('xpath', '//body[1]/div[3]/div[1]/div[6]/button[1]'), no es clickeable despu\u00e9s de 30\n", "test_name": "test_EP32_CUR01525[404477902-1qazxsw2.]", "rerun": "0"}}, "suite_name": "tests/test_scheduling.py"}}}, "date": "May 29, 2023", "start_time": 1685376336.4587898, "total_suite": 1, "status": "FAIL", "status_list": {"pass": "7", "fail": "4", "skip": "0", "error": "0", "xpass": "0", "xfail": "0", "rerun": "0"}, "total_tests": "11"}