{"content": {"suites": {"0": {"status": {"total_pass": 0, "total_skip": 0, "total_xpass": 0, "total_xfail": 0, "total_rerun": 0, "total_fail": 6, "total_error": 0}, "tests": {"0": {"status": "FAIL", "message": "", "test_name": "test_organizations_validate_parametrized_date[404477902-1qazxsw2.23]", "rerun": "0"}, "1": {"status": "FAIL", "message": "   selenium.common.exceptions.TimeoutException: Message: \n   Stacktrace:\n   Backtrace:\n   \tGetHandleVerifier [0x00D8A813+48355]\n   \t(No symbol) [0x00D1C4B1]\n   \t(No symbol) [0x00C25358]\n   \t(No symbol) [0x00C509A5]\n   \t(No symbol) [0x00C50B3B]\n   \t(No symbol) [0x00C7E232]\n   \t(No symbol) [0x00C6A784]\n   \t(No symbol) [0x00C7C922]\n   \t(No symbol) [0x00C6A536]\n   \t(No symbol) [0x00C482DC]\n   \t(No symbol) [0x00C493DD]\n   \tGetHandleVerifier [0x00FEAABD+2539405]\n   \tGetHandleVerifier [0x0102A78F+2800735]\n   \tGetHandleVerifier [0x0102456C+2775612]\n   \tGetHandleVerifier [0x00E151E0+616112]\n   \t(No symbol) [0x00D25F8C]\n   \t(No symbol) [0x00D22328]\n   \t(No symbol) [0x00D2240B]\n   \t(No symbol) [0x00D14FF7]\n   \tBaseThreadInitThunk [0x770200C9+25]\n   \tRtlGetAppContainerNamedObjectPath [0x77AC7B4E+286]\n   \tRtlGetAppContainerNamedObjectPath [0x77AC7B1E+238]\n       Exception: El elemento: ('id', 'mat-option-4'), no es clickeable despu\u00e9s de 30\n", "test_name": "test_organizations_document_cc_type[404477902-1qazxsw2.23]", "rerun": "0"}, "2": {"status": "FAIL", "message": "   selenium.common.exceptions.TimeoutException: Message: \n   Stacktrace:\n   Backtrace:\n   \tGetHandleVerifier [0x00D8A813+48355]\n   \t(No symbol) [0x00D1C4B1]\n   \t(No symbol) [0x00C25358]\n   \t(No symbol) [0x00C509A5]\n   \t(No symbol) [0x00C50B3B]\n   \t(No symbol) [0x00C7E232]\n   \t(No symbol) [0x00C6A784]\n   \t(No symbol) [0x00C7C922]\n   \t(No symbol) [0x00C6A536]\n   \t(No symbol) [0x00C482DC]\n   \t(No symbol) [0x00C493DD]\n   \tGetHandleVerifier [0x00FEAABD+2539405]\n   \tGetHandleVerifier [0x0102A78F+2800735]\n   \tGetHandleVerifier [0x0102456C+2775612]\n   \tGetHandleVerifier [0x00E151E0+616112]\n   \t(No symbol) [0x00D25F8C]\n   \t(No symbol) [0x00D22328]\n   \t(No symbol) [0x00D2240B]\n   \t(No symbol) [0x00D14FF7]\n   \tBaseThreadInitThunk [0x770200C9+25]\n   \tRtlGetAppContainerNamedObjectPath [0x77AC7B4E+286]\n   \tRtlGetAppContainerNamedObjectPath [0x77AC7B1E+238]\n       Exception: El elemento: ('id', 'mat-option-5'), no es clickeable despu\u00e9s de 30\n", "test_name": "test_organizations_document_nit_type_right_data[404477902-1qazxsw2.23-900739999]", "rerun": "0"}, "3": {"status": "FAIL", "message": "   selenium.common.exceptions.TimeoutException: Message: \n   Stacktrace:\n   Backtrace:\n   \tGetHandleVerifier [0x00D8A813+48355]\n   \t(No symbol) [0x00D1C4B1]\n   \t(No symbol) [0x00C25358]\n   \t(No symbol) [0x00C509A5]\n   \t(No symbol) [0x00C50B3B]\n   \t(No symbol) [0x00C7E232]\n   \t(No symbol) [0x00C6A784]\n   \t(No symbol) [0x00C7C922]\n   \t(No symbol) [0x00C6A536]\n   \t(No symbol) [0x00C482DC]\n   \t(No symbol) [0x00C493DD]\n   \tGetHandleVerifier [0x00FEAABD+2539405]\n   \tGetHandleVerifier [0x0102A78F+2800735]\n   \tGetHandleVerifier [0x0102456C+2775612]\n   \tGetHandleVerifier [0x00E151E0+616112]\n   \t(No symbol) [0x00D25F8C]\n   \t(No symbol) [0x00D22328]\n   \t(No symbol) [0x00D2240B]\n   \t(No symbol) [0x00D14FF7]\n   \tBaseThreadInitThunk [0x770200C9+25]\n   \tRtlGetAppContainerNamedObjectPath [0x77AC7B4E+286]\n   \tRtlGetAppContainerNamedObjectPath [0x77AC7B1E+238]\n       Exception: El elemento: ('id', 'mat-option-5'), no es clickeable despu\u00e9s de 30\n", "test_name": "test_organizations_click_clean_button[404477902-1qazxsw2.23-900739999]", "rerun": "0"}, "4": {"status": "FAIL", "message": "   selenium.common.exceptions.TimeoutException: Message: \n   Stacktrace:\n   Backtrace:\n   \tGetHandleVerifier [0x00D8A813+48355]\n   \t(No symbol) [0x00D1C4B1]\n   \t(No symbol) [0x00C25358]\n   \t(No symbol) [0x00C509A5]\n   \t(No symbol) [0x00C50B3B]\n   \t(No symbol) [0x00C7E232]\n   \t(No symbol) [0x00C6A784]\n   \t(No symbol) [0x00C7C922]\n   \t(No symbol) [0x00C6A536]\n   \t(No symbol) [0x00C482DC]\n   \t(No symbol) [0x00C493DD]\n   \tGetHandleVerifier [0x00FEAABD+2539405]\n   \tGetHandleVerifier [0x0102A78F+2800735]\n   \tGetHandleVerifier [0x0102456C+2775612]\n   \tGetHandleVerifier [0x00E151E0+616112]\n   \t(No symbol) [0x00D25F8C]\n   \t(No symbol) [0x00D22328]\n   \t(No symbol) [0x00D2240B]\n   \t(No symbol) [0x00D14FF7]\n   \tBaseThreadInitThunk [0x770200C9+25]\n   \tRtlGetAppContainerNamedObjectPath [0x77AC7B4E+286]\n   \tRtlGetAppContainerNamedObjectPath [0x77AC7B1E+238]\n       Exception: El elemento: ('id', 'mat-option-4'), no es clickeable despu\u00e9s de 30\n", "test_name": "test_organizations_wrong_document_number[404477902-1qazxsw2.23-3563231]", "rerun": "0"}, "5": {"status": "FAIL", "message": "   selenium.common.exceptions.TimeoutException: Message: \n   Stacktrace:\n   Backtrace:\n   \tGetHandleVerifier [0x00D8A813+48355]\n   \t(No symbol) [0x00D1C4B1]\n   \t(No symbol) [0x00C25358]\n   \t(No symbol) [0x00C509A5]\n   \t(No symbol) [0x00C50B3B]\n   \t(No symbol) [0x00C7E232]\n   \t(No symbol) [0x00C6A784]\n   \t(No symbol) [0x00C7C922]\n   \t(No symbol) [0x00C6A536]\n   \t(No symbol) [0x00C482DC]\n   \t(No symbol) [0x00C493DD]\n   \tGetHandleVerifier [0x00FEAABD+2539405]\n   \tGetHandleVerifier [0x0102A78F+2800735]\n   \tGetHandleVerifier [0x0102456C+2775612]\n   \tGetHandleVerifier [0x00E151E0+616112]\n   \t(No symbol) [0x00D25F8C]\n   \t(No symbol) [0x00D22328]\n   \t(No symbol) [0x00D2240B]\n   \t(No symbol) [0x00D14FF7]\n   \tBaseThreadInitThunk [0x770200C9+25]\n   \tRtlGetAppContainerNamedObjectPath [0x77AC7B4E+286]\n   \tRtlGetAppContainerNamedObjectPath [0x77AC7B1E+238]\n       Exception: El elemento: ('xpath', \"//p[contains(text(),'Men\u00fa')]\"), no es clickeable despu\u00e9s de 30\n", "test_name": "test_organizations_commercial_registration_number[404477901-1qazxsw2.23]", "rerun": "0"}}, "suite_name": "tests/test_organizations.py"}}}, "date": "July 15, 2023", "start_time": 1689436653.281057, "total_suite": 1, "status": "FAIL", "status_list": {"pass": "0", "fail": "6", "skip": "0", "error": "0", "xpass": "0", "xfail": "0", "rerun": "0"}, "total_tests": "6"}